This file contains any messages produced by compilers while
running configure, to aid debugging if configure makes a mistake.

It was created by iben configure 1.1, which was
generated by GNU Autoconf 2.57.  Invocation command line was

  $ ./configure 

## --------- ##
## Platform. ##
## --------- ##

hostname = UX301LAA
uname -m = x86_64
uname -r = 3.19.0-56-generic
uname -s = Linux
uname -v = #62~14.04.1-Ubuntu SMP Fri Mar 11 11:03:15 UTC 2016

/usr/bin/uname -p = unknown
/bin/uname -X     = unknown

/bin/arch              = unknown
/usr/bin/arch -k       = unknown
/usr/convex/getsysinfo = unknown
hostinfo               = unknown
/bin/machine           = unknown
/usr/bin/oslevel       = unknown
/bin/universe          = unknown

PATH: /usr/local/sbin
PATH: /usr/local/bin
PATH: /usr/sbin
PATH: /usr/bin
PATH: /sbin
PATH: /bin


## ----------- ##
## Core tests. ##
## ----------- ##

configure:1328: checking for a BSD-compatible install
configure:1382: result: /usr/bin/install -c
configure:1393: checking whether build environment is sane
configure:1436: result: yes
configure:1469: checking for gawk
configure:1485: found /usr/bin/gawk
configure:1495: result: gawk
configure:1505: checking whether make sets $(MAKE)
configure:1525: result: yes
configure:1746: checking for g++
configure:1762: found /usr/bin/g++
configure:1772: result: g++
configure:1788: checking for C++ compiler version
configure:1791: g++ --version </dev/null >&5
g++ (Ubuntu 4.8.4-2ubuntu1~14.04.1) 4.8.4
Copyright (C) 2013 Free Software Foundation, Inc.
This is free software; see the source for copying conditions.  There is NO
warranty; not even for MERCHANTABILITY or FITNESS FOR A PARTICULAR PURPOSE.

configure:1794: $? = 0
configure:1796: g++ -v </dev/null >&5
Using built-in specs.
COLLECT_GCC=g++
COLLECT_LTO_WRAPPER=/usr/lib/gcc/x86_64-linux-gnu/4.8/lto-wrapper
Target: x86_64-linux-gnu
Configured with: ../src/configure -v --with-pkgversion='Ubuntu 4.8.4-2ubuntu1~14.04.1' --with-bugurl=file:///usr/share/doc/gcc-4.8/README.Bugs --enable-languages=c,c++,java,go,d,fortran,objc,obj-c++ --prefix=/usr --program-suffix=-4.8 --enable-shared --enable-linker-build-id --libexecdir=/usr/lib --without-included-gettext --enable-threads=posix --with-gxx-include-dir=/usr/include/c++/4.8 --libdir=/usr/lib --enable-nls --with-sysroot=/ --enable-clocale=gnu --enable-libstdcxx-debug --enable-libstdcxx-time=yes --enable-gnu-unique-object --disable-libmudflap --enable-plugin --with-system-zlib --disable-browser-plugin --enable-java-awt=gtk --enable-gtk-cairo --with-java-home=/usr/lib/jvm/java-1.5.0-gcj-4.8-amd64/jre --enable-java-home --with-jvm-root-dir=/usr/lib/jvm/java-1.5.0-gcj-4.8-amd64 --with-jvm-jar-dir=/usr/lib/jvm-exports/java-1.5.0-gcj-4.8-amd64 --with-arch-directory=amd64 --with-ecj-jar=/usr/share/java/eclipse-ecj.jar --enable-objc-gc --enable-multiarch --disable-werror --with-arch-32=i686 --with-abi=m64 --with-multilib-list=m32,m64,mx32 --with-tune=generic --enable-checking=release --build=x86_64-linux-gnu --host=x86_64-linux-gnu --target=x86_64-linux-gnu
Thread model: posix
gcc version 4.8.4 (Ubuntu 4.8.4-2ubuntu1~14.04.1) 
configure:1799: $? = 0
configure:1801: g++ -V </dev/null >&5
g++: error: unrecognized command line option '-V'
g++: fatal error: no input files
compilation terminated.
configure:1804: $? = 4
configure:1828: checking for C++ compiler default output
configure:1831: g++    conftest.cc  >&5
configure:1834: $? = 0
configure:1880: result: a.out
configure:1885: checking whether the C++ compiler works
configure:1891: ./a.out
configure:1894: $? = 0
configure:1911: result: yes
configure:1918: checking whether we are cross compiling
configure:1920: result: no
configure:1923: checking for suffix of executables
configure:1925: g++ -o conftest    conftest.cc  >&5
configure:1928: $? = 0
configure:1953: result: 
configure:1959: checking for suffix of object files
configure:1981: g++ -c   conftest.cc >&5
configure:1984: $? = 0
configure:2006: result: o
configure:2010: checking whether we are using the GNU C++ compiler
configure:2035: g++ -c   conftest.cc >&5
configure:2038: $? = 0
configure:2041: test -s conftest.o
configure:2044: $? = 0
configure:2057: result: yes
configure:2063: checking whether g++ accepts -g
configure:2085: g++ -c -g  conftest.cc >&5
configure:2088: $? = 0
configure:2091: test -s conftest.o
configure:2094: $? = 0
configure:2105: result: yes
configure:2149: g++ -c -g -O2  conftest.cc >&5
configure:2152: $? = 0
configure:2155: test -s conftest.o
configure:2158: $? = 0
configure:2185: g++ -c -g -O2  conftest.cc >&5
configure: In function 'int main()':
configure:2182:9: error: 'exit' was not declared in this scope
 }
         ^
configure:2188: $? = 1
configure: failed program was:
| #line 2168 "configure"
| /* confdefs.h.  */
| 
| #define PACKAGE_NAME "iben"
| #define PACKAGE_TARNAME "iben"
| #define PACKAGE_VERSION "1.1"
| #define PACKAGE_STRING "iben 1.1"
| #define PACKAGE_BUGREPORT "behrmann@cs.auc.dk"
| #define PACKAGE "iben"
| #define VERSION "1.1"
| /* end confdefs.h.  */
| 
| int
| main ()
| {
| exit (42);
|   ;
|   return 0;
| }
configure:2149: g++ -c -g -O2  conftest.cc >&5
configure:2152: $? = 0
configure:2155: test -s conftest.o
configure:2158: $? = 0
configure:2185: g++ -c -g -O2  conftest.cc >&5
configure:2188: $? = 0
configure:2191: test -s conftest.o
configure:2194: $? = 0
configure:2227: checking for style of include used by make
configure:2255: result: GNU
configure:2283: checking dependency style of g++
configure:2351: result: gcc3
configure:2414: checking for gcc
configure:2430: found /usr/bin/gcc
configure:2440: result: gcc
configure:2684: checking for C compiler version
configure:2687: gcc --version </dev/null >&5
gcc (Ubuntu 4.8.4-2ubuntu1~14.04.1) 4.8.4
Copyright (C) 2013 Free Software Foundation, Inc.
This is free software; see the source for copying conditions.  There is NO
warranty; not even for MERCHANTABILITY or FITNESS FOR A PARTICULAR PURPOSE.

configure:2690: $? = 0
configure:2692: gcc -v </dev/null >&5
Using built-in specs.
COLLECT_GCC=gcc
COLLECT_LTO_WRAPPER=/usr/lib/gcc/x86_64-linux-gnu/4.8/lto-wrapper
Target: x86_64-linux-gnu
Configured with: ../src/configure -v --with-pkgversion='Ubuntu 4.8.4-2ubuntu1~14.04.1' --with-bugurl=file:///usr/share/doc/gcc-4.8/README.Bugs --enable-languages=c,c++,java,go,d,fortran,objc,obj-c++ --prefix=/usr --program-suffix=-4.8 --enable-shared --enable-linker-build-id --libexecdir=/usr/lib --without-included-gettext --enable-threads=posix --with-gxx-include-dir=/usr/include/c++/4.8 --libdir=/usr/lib --enable-nls --with-sysroot=/ --enable-clocale=gnu --enable-libstdcxx-debug --enable-libstdcxx-time=yes --enable-gnu-unique-object --disable-libmudflap --enable-plugin --with-system-zlib --disable-browser-plugin --enable-java-awt=gtk --enable-gtk-cairo --with-java-home=/usr/lib/jvm/java-1.5.0-gcj-4.8-amd64/jre --enable-java-home --with-jvm-root-dir=/usr/lib/jvm/java-1.5.0-gcj-4.8-amd64 --with-jvm-jar-dir=/usr/lib/jvm-exports/java-1.5.0-gcj-4.8-amd64 --with-arch-directory=amd64 --with-ecj-jar=/usr/share/java/eclipse-ecj.jar --enable-objc-gc --enable-multiarch --disable-werror --with-arch-32=i686 --with-abi=m64 --with-multilib-list=m32,m64,mx32 --with-tune=generic --enable-checking=release --build=x86_64-linux-gnu --host=x86_64-linux-gnu --target=x86_64-linux-gnu
Thread model: posix
gcc version 4.8.4 (Ubuntu 4.8.4-2ubuntu1~14.04.1) 
configure:2695: $? = 0
configure:2697: gcc -V </dev/null >&5
gcc: error: unrecognized command line option '-V'
gcc: fatal error: no input files
compilation terminated.
configure:2700: $? = 4
configure:2703: checking whether we are using the GNU C compiler
configure:2728: gcc -c   conftest.c >&5
configure:2731: $? = 0
configure:2734: test -s conftest.o
configure:2737: $? = 0
configure:2750: result: yes
configure:2756: checking whether gcc accepts -g
configure:2778: gcc -c -g  conftest.c >&5
configure:2781: $? = 0
configure:2784: test -s conftest.o
configure:2787: $? = 0
configure:2798: result: yes
configure:2815: checking for gcc option to accept ANSI C
configure:2876: gcc  -c -g -O2  conftest.c >&5
configure:2879: $? = 0
configure:2882: test -s conftest.o
configure:2885: $? = 0
configure:2903: result: none needed
configure:2921: gcc -c -g -O2  conftest.c >&5
conftest.c:2:3: error: unknown type name 'choke'
   choke me
   ^
conftest.c:2:3: error: expected '=', ',', ';', 'asm' or '__attribute__' at end of input
configure:2924: $? = 1
configure: failed program was:
| #ifndef __cplusplus
|   choke me
| #endif
configure:3035: checking dependency style of gcc
configure:3103: result: gcc3
configure:3125: checking for flex
configure:3141: found /usr/bin/flex
configure:3151: result: flex
configure:3164: checking for yywrap in -lfl
configure:3195: gcc -o conftest -g -O2   conftest.c -lfl   >&5
configure:3198: $? = 0
configure:3201: test -s conftest
configure:3204: $? = 0
configure:3216: result: yes
configure:3284: checking lex output file root
configure:3295: flex conftest.l
configure:3298: $? = 0
configure:3310: result: lex.yy
configure:3315: checking whether yytext is a pointer
configure:3331: gcc -o conftest -g -O2   conftest.c  -lfl >&5
configure:3334: $? = 0
configure:3337: test -s conftest
configure:3340: $? = 0
configure:3353: result: yes
configure:3371: checking for bison
configure:3400: result: no
configure:3371: checking for byacc
configure:3400: result: no
configure:3415: checking how to run the C preprocessor
configure:3451: gcc -E  conftest.c
configure:3457: $? = 0
configure:3489: gcc -E  conftest.c
configure:3494:28: fatal error: ac_nonexistent.h: No such file or directory
   cat conftest.err >&5
                            ^
compilation terminated.
configure:3495: $? = 1
configure: failed program was:
| #line 3480 "configure"
| /* confdefs.h.  */
| 
| #define PACKAGE_NAME "iben"
| #define PACKAGE_TARNAME "iben"
| #define PACKAGE_VERSION "1.1"
| #define PACKAGE_STRING "iben 1.1"
| #define PACKAGE_BUGREPORT "behrmann@cs.auc.dk"
| #define PACKAGE "iben"
| #define VERSION "1.1"
| #ifdef __cplusplus
| #include <stdlib.h>
| #endif
| #define YYTEXT_POINTER 1
| /* end confdefs.h.  */
| #include <ac_nonexistent.h>
configure:3533: result: gcc -E
configure:3558: gcc -E  conftest.c
configure:3564: $? = 0
configure:3596: gcc -E  conftest.c
configure:3601:28: fatal error: ac_nonexistent.h: No such file or directory
   cat conftest.err >&5
                            ^
compilation terminated.
configure:3602: $? = 1
configure: failed program was:
| #line 3587 "configure"
| /* confdefs.h.  */
| 
| #define PACKAGE_NAME "iben"
| #define PACKAGE_TARNAME "iben"
| #define PACKAGE_VERSION "1.1"
| #define PACKAGE_STRING "iben 1.1"
| #define PACKAGE_BUGREPORT "behrmann@cs.auc.dk"
| #define PACKAGE "iben"
| #define VERSION "1.1"
| #ifdef __cplusplus
| #include <stdlib.h>
| #endif
| #define YYTEXT_POINTER 1
| /* end confdefs.h.  */
| #include <ac_nonexistent.h>
configure:3645: checking for egrep
configure:3655: result: grep -E
configure:3660: checking for ANSI C header files
configure:3686: gcc -c -g -O2  conftest.c >&5
configure:3689: $? = 0
configure:3692: test -s conftest.o
configure:3695: $? = 0
configure:3787: gcc -o conftest -g -O2   conftest.c  >&5
configure: In function 'main':
configure:3786:7: warning: incompatible implicit declaration of built-in function 'exit' [enabled by default]
 rm -f conftest$ac_exeext
       ^
configure:3790: $? = 0
configure:3792: ./conftest
configure:3795: $? = 0
configure:3810: result: yes
configure:3834: checking for sys/types.h
configure:3851: gcc -c -g -O2  conftest.c >&5
configure:3854: $? = 0
configure:3857: test -s conftest.o
configure:3860: $? = 0
configure:3871: result: yes
configure:3834: checking for sys/stat.h
configure:3851: gcc -c -g -O2  conftest.c >&5
configure:3854: $? = 0
configure:3857: test -s conftest.o
configure:3860: $? = 0
configure:3871: result: yes
configure:3834: checking for stdlib.h
configure:3851: gcc -c -g -O2  conftest.c >&5
configure:3854: $? = 0
configure:3857: test -s conftest.o
configure:3860: $? = 0
configure:3871: result: yes
configure:3834: checking for string.h
configure:3851: gcc -c -g -O2  conftest.c >&5
configure:3854: $? = 0
configure:3857: test -s conftest.o
configure:3860: $? = 0
configure:3871: result: yes
configure:3834: checking for memory.h
configure:3851: gcc -c -g -O2  conftest.c >&5
configure:3854: $? = 0
configure:3857: test -s conftest.o
configure:3860: $? = 0
configure:3871: result: yes
configure:3834: checking for strings.h
configure:3851: gcc -c -g -O2  conftest.c >&5
configure:3854: $? = 0
configure:3857: test -s conftest.o
configure:3860: $? = 0
configure:3871: result: yes
configure:3834: checking for inttypes.h
configure:3851: gcc -c -g -O2  conftest.c >&5
configure:3854: $? = 0
configure:3857: test -s conftest.o
configure:3860: $? = 0
configure:3871: result: yes
configure:3834: checking for stdint.h
configure:3851: gcc -c -g -O2  conftest.c >&5
configure:3854: $? = 0
configure:3857: test -s conftest.o
configure:3860: $? = 0
configure:3871: result: yes
configure:3834: checking for unistd.h
configure:3851: gcc -c -g -O2  conftest.c >&5
configure:3854: $? = 0
configure:3857: test -s conftest.o
configure:3860: $? = 0
configure:3871: result: yes
configure:3884: checking for a readline compatible library
configure:3923: gcc -o conftest -g -O2   conftest.c  -lreadline >&5
configure:3926: $? = 0
configure:3929: test -s conftest
configure:3932: $? = 0
configure:3955: result: -lreadline
configure:3979: checking readline.h usability
configure:3992: gcc -c -g -O2  conftest.c >&5
configure:4040:22: fatal error: readline.h: No such file or directory
   ac_cpp_err=yes
                      ^
compilation terminated.
configure:3995: $? = 1
configure: failed program was:
| #line 3981 "configure"
| /* confdefs.h.  */
| 
| #define PACKAGE_NAME "iben"
| #define PACKAGE_TARNAME "iben"
| #define PACKAGE_VERSION "1.1"
| #define PACKAGE_STRING "iben 1.1"
| #define PACKAGE_BUGREPORT "behrmann@cs.auc.dk"
| #define PACKAGE "iben"
| #define VERSION "1.1"
| #ifdef __cplusplus
| #include <stdlib.h>
| #endif
| #define YYTEXT_POINTER 1
| #define STDC_HEADERS 1
| #define HAVE_SYS_TYPES_H 1
| #define HAVE_SYS_STAT_H 1
| #define HAVE_STDLIB_H 1
| #define HAVE_STRING_H 1
| #define HAVE_MEMORY_H 1
| #define HAVE_STRINGS_H 1
| #define HAVE_INTTYPES_H 1
| #define HAVE_STDINT_H 1
| #define HAVE_UNISTD_H 1
| #define HAVE_LIBREADLINE 1
| /* end confdefs.h.  */
| #include <stdio.h>
| #if HAVE_SYS_TYPES_H
| # include <sys/types.h>
| #endif
| #if HAVE_SYS_STAT_H
| # include <sys/stat.h>
| #endif
| #if STDC_HEADERS
| # include <stdlib.h>
| # include <stddef.h>
| #else
| # if HAVE_STDLIB_H
| #  include <stdlib.h>
| # endif
| #endif
| #if HAVE_STRING_H
| # if !STDC_HEADERS && HAVE_MEMORY_H
| #  include <memory.h>
| # endif
| # include <string.h>
| #endif
| #if HAVE_STRINGS_H
| # include <strings.h>
| #endif
| #if HAVE_INTTYPES_H
| # include <inttypes.h>
| #else
| # if HAVE_STDINT_H
| #  include <stdint.h>
| # endif
| #endif
| #if HAVE_UNISTD_H
| # include <unistd.h>
| #endif
| #include <readline.h>
configure:4011: result: no
configure:4015: checking readline.h presence
configure:4026: gcc -E  conftest.c
configure:4042:22: fatal error: readline.h: No such file or directory
 if test -z "$ac_cpp_err"; then
                      ^
compilation terminated.
configure:4032: $? = 1
configure: failed program was:
| #line 4017 "configure"
| /* confdefs.h.  */
| 
| #define PACKAGE_NAME "iben"
| #define PACKAGE_TARNAME "iben"
| #define PACKAGE_VERSION "1.1"
| #define PACKAGE_STRING "iben 1.1"
| #define PACKAGE_BUGREPORT "behrmann@cs.auc.dk"
| #define PACKAGE "iben"
| #define VERSION "1.1"
| #ifdef __cplusplus
| #include <stdlib.h>
| #endif
| #define YYTEXT_POINTER 1
| #define STDC_HEADERS 1
| #define HAVE_SYS_TYPES_H 1
| #define HAVE_SYS_STAT_H 1
| #define HAVE_STDLIB_H 1
| #define HAVE_STRING_H 1
| #define HAVE_MEMORY_H 1
| #define HAVE_STRINGS_H 1
| #define HAVE_INTTYPES_H 1
| #define HAVE_STDINT_H 1
| #define HAVE_UNISTD_H 1
| #define HAVE_LIBREADLINE 1
| /* end confdefs.h.  */
| #include <readline.h>
configure:4051: result: no
configure:4087: checking for readline.h
configure:4094: result: no
configure:3979: checking readline/readline.h usability
configure:3992: gcc -c -g -O2  conftest.c >&5
configure:3995: $? = 0
configure:3998: test -s conftest.o
configure:4001: $? = 0
configure:4011: result: yes
configure:4015: checking readline/readline.h presence
configure:4026: gcc -E  conftest.c
configure:4032: $? = 0
configure:4051: result: yes
configure:4087: checking for readline/readline.h
configure:4094: result: yes
configure:4107: checking whether readline supports history
configure:4138: gcc -o conftest -g -O2   conftest.c  -lreadline >&5
configure:4141: $? = 0
configure:4144: test -s conftest
configure:4147: $? = 0
configure:4158: result: yes
configure:4181: checking history.h usability
configure:4194: gcc -c -g -O2  conftest.c >&5
configure:4244:21: fatal error: history.h: No such file or directory
 if test -z "$ac_cpp_err"; then
                     ^
compilation terminated.
configure:4197: $? = 1
configure: failed program was:
| #line 4183 "configure"
| /* confdefs.h.  */
| 
| #define PACKAGE_NAME "iben"
| #define PACKAGE_TARNAME "iben"
| #define PACKAGE_VERSION "1.1"
| #define PACKAGE_STRING "iben 1.1"
| #define PACKAGE_BUGREPORT "behrmann@cs.auc.dk"
| #define PACKAGE "iben"
| #define VERSION "1.1"
| #ifdef __cplusplus
| #include <stdlib.h>
| #endif
| #define YYTEXT_POINTER 1
| #define STDC_HEADERS 1
| #define HAVE_SYS_TYPES_H 1
| #define HAVE_SYS_STAT_H 1
| #define HAVE_STDLIB_H 1
| #define HAVE_STRING_H 1
| #define HAVE_MEMORY_H 1
| #define HAVE_STRINGS_H 1
| #define HAVE_INTTYPES_H 1
| #define HAVE_STDINT_H 1
| #define HAVE_UNISTD_H 1
| #define HAVE_LIBREADLINE 1
| #define HAVE_READLINE_READLINE_H 1
| #define HAVE_READLINE_HISTORY 1
| /* end confdefs.h.  */
| #include <stdio.h>
| #if HAVE_SYS_TYPES_H
| # include <sys/types.h>
| #endif
| #if HAVE_SYS_STAT_H
| # include <sys/stat.h>
| #endif
| #if STDC_HEADERS
| # include <stdlib.h>
| # include <stddef.h>
| #else
| # if HAVE_STDLIB_H
| #  include <stdlib.h>
| # endif
| #endif
| #if HAVE_STRING_H
| # if !STDC_HEADERS && HAVE_MEMORY_H
| #  include <memory.h>
| # endif
| # include <string.h>
| #endif
| #if HAVE_STRINGS_H
| # include <strings.h>
| #endif
| #if HAVE_INTTYPES_H
| # include <inttypes.h>
| #else
| # if HAVE_STDINT_H
| #  include <stdint.h>
| # endif
| #endif
| #if HAVE_UNISTD_H
| # include <unistd.h>
| #endif
| #include <history.h>
configure:4213: result: no
configure:4217: checking history.h presence
configure:4228: gcc -E  conftest.c
configure:4246:21: fatal error: history.h: No such file or directory
 else
                     ^
compilation terminated.
configure:4234: $? = 1
configure: failed program was:
| #line 4219 "configure"
| /* confdefs.h.  */
| 
| #define PACKAGE_NAME "iben"
| #define PACKAGE_TARNAME "iben"
| #define PACKAGE_VERSION "1.1"
| #define PACKAGE_STRING "iben 1.1"
| #define PACKAGE_BUGREPORT "behrmann@cs.auc.dk"
| #define PACKAGE "iben"
| #define VERSION "1.1"
| #ifdef __cplusplus
| #include <stdlib.h>
| #endif
| #define YYTEXT_POINTER 1
| #define STDC_HEADERS 1
| #define HAVE_SYS_TYPES_H 1
| #define HAVE_SYS_STAT_H 1
| #define HAVE_STDLIB_H 1
| #define HAVE_STRING_H 1
| #define HAVE_MEMORY_H 1
| #define HAVE_STRINGS_H 1
| #define HAVE_INTTYPES_H 1
| #define HAVE_STDINT_H 1
| #define HAVE_UNISTD_H 1
| #define HAVE_LIBREADLINE 1
| #define HAVE_READLINE_READLINE_H 1
| #define HAVE_READLINE_HISTORY 1
| /* end confdefs.h.  */
| #include <history.h>
configure:4253: result: no
configure:4289: checking for history.h
configure:4296: result: no
configure:4181: checking readline/history.h usability
configure:4194: gcc -c -g -O2  conftest.c >&5
configure:4197: $? = 0
configure:4200: test -s conftest.o
configure:4203: $? = 0
configure:4213: result: yes
configure:4217: checking readline/history.h presence
configure:4228: gcc -E  conftest.c
configure:4234: $? = 0
configure:4253: result: yes
configure:4289: checking for readline/history.h
configure:4296: result: yes
configure:4313: checking for pow in -lm
configure:4344: gcc -o conftest -g -O2   conftest.c -lm   -lreadline >&5
configure:4355:6: warning: conflicting types for built-in function 'pow' [enabled by default]
   ac_cv_lib_m_pow=yes
      ^
configure:4347: $? = 0
configure:4350: test -s conftest
configure:4353: $? = 0
configure:4365: result: yes
configure:4383: checking for bdd_init in -lbdd
configure:4414: gcc -o conftest -g -O2   conftest.c -lbdd  -lm  -lreadline >&5
configure:4417: $? = 0
configure:4420: test -s conftest
configure:4423: $? = 0
configure:4435: result: yes
configure:4456: checking for ANSI C header files
configure:4606: result: yes
configure:4616: checking for sys/wait.h that is POSIX.1 compatible
configure:4648: gcc -c -g -O2  conftest.c >&5
configure:4651: $? = 0
configure:4654: test -s conftest.o
configure:4657: $? = 0
configure:4668: result: yes
configure:4694: checking stddef.h usability
configure:4707: gcc -c -g -O2  conftest.c >&5
configure:4710: $? = 0
configure:4713: test -s conftest.o
configure:4716: $? = 0
configure:4726: result: yes
configure:4730: checking stddef.h presence
configure:4741: gcc -E  conftest.c
configure:4747: $? = 0
configure:4766: result: yes
configure:4802: checking for stddef.h
configure:4809: result: yes
configure:4685: checking for stdlib.h
configure:4690: result: yes
configure:4685: checking for unistd.h
configure:4690: result: yes
configure:4824: checking for an ANSI C-conforming const
configure:4892: gcc -c -g -O2  conftest.c >&5
configure:4895: $? = 0
configure:4898: test -s conftest.o
configure:4901: $? = 0
configure:4912: result: yes
configure:4922: checking for stdbool.h that conforms to C99
configure:4976: gcc -c -g -O2  conftest.c >&5
configure:4988:9: warning: variably modified 'd' at file scope [enabled by default]
 else
         ^
configure:4990:9: warning: variably modified 'f' at file scope [enabled by default]
 sed 's/^/| /' conftest.$ac_ext >&5
         ^
configure:4979: $? = 0
configure:4982: test -s conftest.o
configure:4985: $? = 0
configure:4996: result: yes
configure:4998: checking for _Bool
configure:5023: gcc -c -g -O2  conftest.c >&5
configure:5026: $? = 0
configure:5029: test -s conftest.o
configure:5032: $? = 0
configure:5043: result: yes
configure:5062: checking for size_t
configure:5087: gcc -c -g -O2  conftest.c >&5
configure:5090: $? = 0
configure:5093: test -s conftest.o
configure:5096: $? = 0
configure:5107: result: yes
configure:5121: checking for pid_t
configure:5146: gcc -c -g -O2  conftest.c >&5
configure:5149: $? = 0
configure:5152: test -s conftest.o
configure:5155: $? = 0
configure:5166: result: yes
configure:5184: checking for unistd.h
configure:5189: result: yes
configure:5193: checking vfork.h usability
configure:5206: gcc -c -g -O2  conftest.c >&5
configure:5267:19: fatal error: vfork.h: No such file or directory
 
                   ^
compilation terminated.
configure:5209: $? = 1
configure: failed program was:
| #line 5195 "configure"
| /* confdefs.h.  */
| 
| #define PACKAGE_NAME "iben"
| #define PACKAGE_TARNAME "iben"
| #define PACKAGE_VERSION "1.1"
| #define PACKAGE_STRING "iben 1.1"
| #define PACKAGE_BUGREPORT "behrmann@cs.auc.dk"
| #define PACKAGE "iben"
| #define VERSION "1.1"
| #ifdef __cplusplus
| #include <stdlib.h>
| #endif
| #define YYTEXT_POINTER 1
| #define STDC_HEADERS 1
| #define HAVE_SYS_TYPES_H 1
| #define HAVE_SYS_STAT_H 1
| #define HAVE_STDLIB_H 1
| #define HAVE_STRING_H 1
| #define HAVE_MEMORY_H 1
| #define HAVE_STRINGS_H 1
| #define HAVE_INTTYPES_H 1
| #define HAVE_STDINT_H 1
| #define HAVE_UNISTD_H 1
| #define HAVE_LIBREADLINE 1
| #define HAVE_READLINE_READLINE_H 1
| #define HAVE_READLINE_HISTORY 1
| #define HAVE_READLINE_HISTORY_H 1
| #define HAVE_LIBM 1
| #define HAVE_LIBBDD 1
| #define STDC_HEADERS 1
| #define HAVE_SYS_WAIT_H 1
| #define HAVE_STDDEF_H 1
| #define HAVE_STDLIB_H 1
| #define HAVE_UNISTD_H 1
| #define HAVE__BOOL 1
| #define HAVE_STDBOOL_H 1
| #define HAVE_UNISTD_H 1
| /* end confdefs.h.  */
| #include <stdio.h>
| #if HAVE_SYS_TYPES_H
| # include <sys/types.h>
| #endif
| #if HAVE_SYS_STAT_H
| # include <sys/stat.h>
| #endif
| #if STDC_HEADERS
| # include <stdlib.h>
| # include <stddef.h>
| #else
| # if HAVE_STDLIB_H
| #  include <stdlib.h>
| # endif
| #endif
| #if HAVE_STRING_H
| # if !STDC_HEADERS && HAVE_MEMORY_H
| #  include <memory.h>
| # endif
| # include <string.h>
| #endif
| #if HAVE_STRINGS_H
| # include <strings.h>
| #endif
| #if HAVE_INTTYPES_H
| # include <inttypes.h>
| #else
| # if HAVE_STDINT_H
| #  include <stdint.h>
| # endif
| #endif
| #if HAVE_UNISTD_H
| # include <unistd.h>
| #endif
| #include <vfork.h>
configure:5225: result: no
configure:5229: checking vfork.h presence
configure:5240: gcc -E  conftest.c
configure:5269:19: fatal error: vfork.h: No such file or directory
 case $ac_header_compiler:$ac_header_preproc in
                   ^
compilation terminated.
configure:5246: $? = 1
configure: failed program was:
| #line 5231 "configure"
| /* confdefs.h.  */
| 
| #define PACKAGE_NAME "iben"
| #define PACKAGE_TARNAME "iben"
| #define PACKAGE_VERSION "1.1"
| #define PACKAGE_STRING "iben 1.1"
| #define PACKAGE_BUGREPORT "behrmann@cs.auc.dk"
| #define PACKAGE "iben"
| #define VERSION "1.1"
| #ifdef __cplusplus
| #include <stdlib.h>
| #endif
| #define YYTEXT_POINTER 1
| #define STDC_HEADERS 1
| #define HAVE_SYS_TYPES_H 1
| #define HAVE_SYS_STAT_H 1
| #define HAVE_STDLIB_H 1
| #define HAVE_STRING_H 1
| #define HAVE_MEMORY_H 1
| #define HAVE_STRINGS_H 1
| #define HAVE_INTTYPES_H 1
| #define HAVE_STDINT_H 1
| #define HAVE_UNISTD_H 1
| #define HAVE_LIBREADLINE 1
| #define HAVE_READLINE_READLINE_H 1
| #define HAVE_READLINE_HISTORY 1
| #define HAVE_READLINE_HISTORY_H 1
| #define HAVE_LIBM 1
| #define HAVE_LIBBDD 1
| #define STDC_HEADERS 1
| #define HAVE_SYS_WAIT_H 1
| #define HAVE_STDDEF_H 1
| #define HAVE_STDLIB_H 1
| #define HAVE_UNISTD_H 1
| #define HAVE__BOOL 1
| #define HAVE_STDBOOL_H 1
| #define HAVE_UNISTD_H 1
| /* end confdefs.h.  */
| #include <vfork.h>
configure:5265: result: no
configure:5301: checking for vfork.h
configure:5308: result: no
configure:5326: checking for fork
configure:5376: gcc -o conftest -g -O2   conftest.c -lbdd -lm  -lreadline >&5
configure:5385:6: warning: conflicting types for built-in function 'fork' [enabled by default]
   echo "$as_me:$LINENO: \$? = $ac_status" >&5
      ^
configure:5379: $? = 0
configure:5382: test -s conftest
configure:5385: $? = 0
configure:5396: result: yes
configure:5326: checking for vfork
configure:5376: gcc -o conftest -g -O2   conftest.c -lbdd -lm  -lreadline >&5
configure:5379: $? = 0
configure:5382: test -s conftest
configure:5385: $? = 0
configure:5396: result: yes
configure:5407: checking for working fork
configure:5430: gcc -o conftest -g -O2   conftest.c -lbdd -lm  -lreadline >&5
conftest.c: In function 'main':
conftest.c:10:11: warning: incompatible implicit declaration of built-in function 'exit' [enabled by default]
           exit (1);
           ^
configure:5433: $? = 0
configure:5435: ./conftest
configure:5438: $? = 0
configure:5452: result: yes
configure:5473: checking for working vfork
configure:5607: result: yes
configure:5643: checking for stdlib.h
configure:5648: result: yes
configure:5780: checking for GNU libc compatible malloc
configure:5810: gcc -o conftest -g -O2   conftest.c -lbdd -lm  -lreadline >&5
configure:5813: $? = 0
configure:5815: ./conftest
configure:5818: $? = 0
configure:5832: result: yes
configure:5860: checking for stdlib.h
configure:5865: result: yes
configure:5997: checking for GNU libc compatible realloc
configure:6027: gcc -o conftest -g -O2   conftest.c -lbdd -lm  -lreadline >&5
configure:6030: $? = 0
configure:6032: ./conftest
configure:6035: $? = 0
configure:6049: result: yes
configure:6191: creating ./config.status

## ---------------------- ##
## Running config.status. ##
## ---------------------- ##

This file was extended by iben config.status 1.1, which was
generated by GNU Autoconf 2.57.  Invocation command line was

  CONFIG_FILES    = 
  CONFIG_HEADERS  = 
  CONFIG_LINKS    = 
  CONFIG_COMMANDS = 
  $ ./config.status 

on UX301LAA

config.status:662: creating Makefile
config.status:766: creating config.h
config.status:935: config.h is unchanged
config.status:1057: executing depfiles commands

## ---------------- ##
## Cache variables. ##
## ---------------- ##

ac_cv_c_compiler_gnu=yes
ac_cv_c_const=yes
ac_cv_cxx_compiler_gnu=yes
ac_cv_env_CC_set=
ac_cv_env_CC_value=
ac_cv_env_CFLAGS_set=
ac_cv_env_CFLAGS_value=
ac_cv_env_CPPFLAGS_set=
ac_cv_env_CPPFLAGS_value=
ac_cv_env_CPP_set=
ac_cv_env_CPP_value=
ac_cv_env_CXXFLAGS_set=
ac_cv_env_CXXFLAGS_value=
ac_cv_env_CXX_set=
ac_cv_env_CXX_value=
ac_cv_env_LDFLAGS_set=
ac_cv_env_LDFLAGS_value=
ac_cv_env_build_alias_set=
ac_cv_env_build_alias_value=
ac_cv_env_host_alias_set=
ac_cv_env_host_alias_value=
ac_cv_env_target_alias_set=
ac_cv_env_target_alias_value=
ac_cv_exeext=
ac_cv_func_fork=yes
ac_cv_func_fork_works=yes
ac_cv_func_malloc_0_nonnull=yes
ac_cv_func_realloc_0_nonnull=yes
ac_cv_func_vfork=yes
ac_cv_func_vfork_works=yes
ac_cv_header_history_h=no
ac_cv_header_inttypes_h=yes
ac_cv_header_memory_h=yes
ac_cv_header_readline_h=no
ac_cv_header_readline_history_h=yes
ac_cv_header_readline_readline_h=yes
ac_cv_header_stdbool_h=yes
ac_cv_header_stdc=yes
ac_cv_header_stddef_h=yes
ac_cv_header_stdint_h=yes
ac_cv_header_stdlib_h=yes
ac_cv_header_string_h=yes
ac_cv_header_strings_h=yes
ac_cv_header_sys_stat_h=yes
ac_cv_header_sys_types_h=yes
ac_cv_header_sys_wait_h=yes
ac_cv_header_unistd_h=yes
ac_cv_header_vfork_h=no
ac_cv_lib_bdd_bdd_init=yes
ac_cv_lib_fl_yywrap=yes
ac_cv_lib_m_pow=yes
ac_cv_objext=o
ac_cv_path_install='/usr/bin/install -c'
ac_cv_prog_AWK=gawk
ac_cv_prog_CPP='gcc -E'
ac_cv_prog_LEX=flex
ac_cv_prog_ac_ct_CC=gcc
ac_cv_prog_ac_ct_CXX=g++
ac_cv_prog_cc_g=yes
ac_cv_prog_cc_stdc=
ac_cv_prog_cxx_g=yes
ac_cv_prog_egrep='grep -E'
ac_cv_prog_lex_root=lex.yy
ac_cv_prog_lex_yytext_pointer=yes
ac_cv_prog_make_make_set=yes
ac_cv_type__Bool=yes
ac_cv_type_pid_t=yes
ac_cv_type_size_t=yes
am_cv_CC_dependencies_compiler_type=gcc3
am_cv_CXX_dependencies_compiler_type=gcc3
vl_cv_lib_readline=-lreadline
vl_cv_lib_readline_history=yes

## ----------------- ##
## Output variables. ##
## ----------------- ##

ACLOCAL='${SHELL} /home/zander/IBEN-FML/src/missing --run aclocal-1.7'
AMDEPBACKSLASH='\'
AMDEP_FALSE='#'
AMDEP_TRUE=''
AMTAR='${SHELL} /home/zander/IBEN-FML/src/missing --run tar'
AUTOCONF='${SHELL} /home/zander/IBEN-FML/src/missing --run autoconf'
AUTOHEADER='${SHELL} /home/zander/IBEN-FML/src/missing --run autoheader'
AUTOMAKE='${SHELL} /home/zander/IBEN-FML/src/missing --run automake-1.7'
AWK='gawk'
CC='gcc'
CCDEPMODE='depmode=gcc3'
CFLAGS='-g -O2'
CPP='gcc -E'
CPPFLAGS=''
CXX='g++'
CXXDEPMODE='depmode=gcc3'
CXXFLAGS='-g -O2'
CYGPATH_W='echo'
DEFS='-DHAVE_CONFIG_H'
DEPDIR='.deps'
ECHO_C=''
ECHO_N='-n'
ECHO_T=''
EGREP='grep -E'
EXEEXT=''
INSTALL_DATA='${INSTALL} -m 644'
INSTALL_PROGRAM='${INSTALL}'
INSTALL_SCRIPT='${INSTALL}'
INSTALL_STRIP_PROGRAM='${SHELL} $(install_sh) -c -s'
LDFLAGS=''
LEX='flex'
LEXLIB='-lfl'
LEX_OUTPUT_ROOT='lex.yy'
LIBOBJS=''
LIBS='-lbdd -lm  -lreadline'
LTLIBOBJS=''
MAKEINFO='${SHELL} /home/zander/IBEN-FML/src/missing --run makeinfo'
OBJEXT='o'
PACKAGE='iben'
PACKAGE_BUGREPORT='behrmann@cs.auc.dk'
PACKAGE_NAME='iben'
PACKAGE_STRING='iben 1.1'
PACKAGE_TARNAME='iben'
PACKAGE_VERSION='1.1'
PATH_SEPARATOR=':'
SET_MAKE=''
SHELL='/bin/bash'
STRIP=''
VERSION='1.1'
YACC='yacc'
ac_ct_CC='gcc'
ac_ct_CXX='g++'
ac_ct_STRIP=''
am__fastdepCC_FALSE='#'
am__fastdepCC_TRUE=''
am__fastdepCXX_FALSE='#'
am__fastdepCXX_TRUE=''
am__include='include'
am__leading_dot='.'
am__quote=''
bindir='${exec_prefix}/bin'
build_alias=''
datadir='${prefix}/share'
exec_prefix='${prefix}'
host_alias=''
includedir='${prefix}/include'
infodir='${prefix}/info'
install_sh='/home/zander/IBEN-FML/src/install-sh'
libdir='${exec_prefix}/lib'
libexecdir='${exec_prefix}/libexec'
localstatedir='${prefix}/var'
mandir='${prefix}/man'
oldincludedir='/usr/include'
prefix='/usr/local'
program_transform_name='s,x,x,'
sbindir='${exec_prefix}/sbin'
sharedstatedir='${prefix}/com'
sysconfdir='${prefix}/etc'
target_alias=''

## ----------- ##
## confdefs.h. ##
## ----------- ##

#define HAVE_FORK 1
#define HAVE_INTTYPES_H 1
#define HAVE_LIBBDD 1
#define HAVE_LIBM 1
#define HAVE_LIBREADLINE 1
#define HAVE_MALLOC 1
#define HAVE_MEMORY_H 1
#define HAVE_READLINE_HISTORY 1
#define HAVE_READLINE_HISTORY_H 1
#define HAVE_READLINE_READLINE_H 1
#define HAVE_REALLOC 1
#define HAVE_STDBOOL_H 1
#define HAVE_STDDEF_H 1
#define HAVE_STDINT_H 1
#define HAVE_STDLIB_H 1
#define HAVE_STDLIB_H 1
#define HAVE_STDLIB_H 1
#define HAVE_STDLIB_H 1
#define HAVE_STRINGS_H 1
#define HAVE_STRING_H 1
#define HAVE_SYS_STAT_H 1
#define HAVE_SYS_TYPES_H 1
#define HAVE_SYS_WAIT_H 1
#define HAVE_UNISTD_H 1
#define HAVE_UNISTD_H 1
#define HAVE_UNISTD_H 1
#define HAVE_VFORK 1
#define HAVE_WORKING_FORK 1
#define HAVE_WORKING_VFORK 1
#define HAVE__BOOL 1
#define PACKAGE "iben"
#define PACKAGE_BUGREPORT "behrmann@cs.auc.dk"
#define PACKAGE_NAME "iben"
#define PACKAGE_STRING "iben 1.1"
#define PACKAGE_TARNAME "iben"
#define PACKAGE_VERSION "1.1"
#define STDC_HEADERS 1
#define STDC_HEADERS 1
#define VERSION "1.1"
#define YYTEXT_POINTER 1
#endif
#ifdef __cplusplus
#include <stdlib.h>

configure: exit 0
